This is pdfeTeX, Version 3.141592-1.21a-2.2 (Web2C 7.5.4) (format=latex 2008.3.18)  3 JUN 2009 16:19
entering extended mode
**d.tex
(./d.tex
LaTeX2e <2003/12/01>
Babel <v3.8d> and hyphenation patterns for american, french, german, ngerman, b
ahasa, basque, bulgarian, catalan, croatian, czech, danish, dutch, esperanto, e
stonian, finnish, greek, icelandic, irish, italian, latin, magyar, norsk, polis
h, portuges, romanian, russian, serbian, slovak, slovene, spanish, swedish, tur
kish, ukrainian, nohyphenation, loaded.
(/usr/share/texmf-tetex/tex/latex/base/report.cls
Document Class: report 2004/02/16 v1.4f Standard LaTeX document class
(/usr/share/texmf-tetex/tex/latex/base/size12.clo
File: size12.clo 2004/02/16 v1.4f Standard LaTeX file (size option)
)
\c@part=\count79
\c@chapter=\count80
\c@section=\count81
\c@subsection=\count82
\c@subsubsection=\count83
\c@paragraph=\count84
\c@subparagraph=\count85
\c@figure=\count86
\c@table=\count87
\abovecaptionskip=\skip41
\belowcaptionskip=\skip42
\bibindent=\dimen102
)
(/usr/share/texmf-tetex/tex/latex/base/inputenc.sty
Package: inputenc 2004/02/05 v1.0d Input encoding file

(/usr/share/texmf-tetex/tex/latex/base/latin1.def
File: latin1.def 2004/02/05 v1.0d Input encoding file
))
(/usr/share/texmf-tetex/tex/latex/amsmath/amsmath.sty
Package: amsmath 2000/07/18 v2.13 AMS math features
\@mathmargin=\skip43

For additional information on amsmath, use the `?' option.
(/usr/share/texmf-tetex/tex/latex/amsmath/amstext.sty
Package: amstext 2000/06/29 v2.01

(/usr/share/texmf-tetex/tex/latex/amsmath/amsgen.sty
File: amsgen.sty 1999/11/30 v2.0
\@emptytoks=\toks14
\ex@=\dimen103
))
(/usr/share/texmf-tetex/tex/latex/amsmath/amsbsy.sty
Package: amsbsy 1999/11/29 v1.2d
\pmbraise@=\dimen104
)
(/usr/share/texmf-tetex/tex/latex/amsmath/amsopn.sty
Package: amsopn 1999/12/14 v2.01 operator names
)
\inf@bad=\count88
LaTeX Info: Redefining \frac on input line 211.
\uproot@=\count89
\leftroot@=\count90
LaTeX Info: Redefining \overline on input line 307.
\classnum@=\count91
\DOTSCASE@=\count92
LaTeX Info: Redefining \ldots on input line 379.
LaTeX Info: Redefining \dots on input line 382.
LaTeX Info: Redefining \cdots on input line 467.
\Mathstrutbox@=\box26
\strutbox@=\box27
\big@size=\dimen105
LaTeX Font Info:    Redeclaring font encoding OML on input line 567.
LaTeX Font Info:    Redeclaring font encoding OMS on input line 568.
\macc@depth=\count93
\c@MaxMatrixCols=\count94
\dotsspace@=\muskip10
\c@parentequation=\count95
\dspbrk@lvl=\count96
\tag@help=\toks15
\row@=\count97
\column@=\count98
\maxfields@=\count99
\andhelp@=\toks16
\eqnshift@=\dimen106
\alignsep@=\dimen107
\tagshift@=\dimen108
\tagwidth@=\dimen109
\totwidth@=\dimen110
\lineht@=\dimen111
\@envbody=\toks17
\multlinegap=\skip44
\multlinetaggap=\skip45
\mathdisplay@stack=\toks18
LaTeX Info: Redefining \[ on input line 2666.
LaTeX Info: Redefining \] on input line 2667.
)
(/usr/share/texmf-tetex/tex/latex/amsfonts/amsfonts.sty
Package: amsfonts 2001/10/25 v2.2f
\symAMSa=\mathgroup4
\symAMSb=\mathgroup5
LaTeX Font Info:    Overwriting math alphabet `\mathfrak' in version `bold'
(Font)                  U/euf/m/n --> U/euf/b/n on input line 132.
)
(/usr/share/texmf-tetex/tex/latex/graphics/epsfig.sty
Package: epsfig 1999/02/16 v1.7a (e)psfig emulation (SPQR)

(/usr/share/texmf-tetex/tex/latex/graphics/graphicx.sty
Package: graphicx 1999/02/16 v1.0f Enhanced LaTeX Graphics (DPC,SPQR)

(/usr/share/texmf-tetex/tex/latex/graphics/keyval.sty
Package: keyval 1999/03/16 v1.13 key=value parser (DPC)
\KV@toks@=\toks19
)
(/usr/share/texmf-tetex/tex/latex/graphics/graphics.sty
Package: graphics 2001/07/07 v1.0n Standard LaTeX Graphics (DPC,SPQR)

(/usr/share/texmf-tetex/tex/latex/graphics/trig.sty
Package: trig 1999/03/16 v1.09 sin cos tan (DPC)
)
(/usr/share/texmf-tetex/tex/latex/graphics/graphics.cfg
File: graphics.cfg 2005/02/03 v1.3 graphics configuration of teTeX/TeXLive
)
Package graphics Info: Driver file: dvips.def on input line 80.

(/usr/share/texmf-tetex/tex/latex/graphics/dvips.def
File: dvips.def 1999/02/16 v3.0i Driver-dependant file (DPC,SPQR)
))
\Gin@req@height=\dimen112
\Gin@req@width=\dimen113
)
\epsfxsize=\dimen114
\epsfysize=\dimen115
)
(/usr/share/texmf-tetex/tex/latex/subfigure/subfigure.sty
Package: subfigure 2002/07/30 v2.1.4 subfigure package
\subfigtopskip=\skip46
\subfigcapskip=\skip47
\subfigcaptopadj=\dimen116
\subfigbottomskip=\skip48
\subfigcapmargin=\dimen117
\subfiglabelskip=\skip49
\c@subfigure=\count100
\c@lofdepth=\count101
\c@subtable=\count102
\c@lotdepth=\count103

****************************************
* Local config file subfigure.cfg used *
****************************************
(/usr/share/texmf-tetex/tex/latex/subfigure/subfigure.cfg)
\subfig@top=\skip50
\subfig@bottom=\skip51
)
(/usr/share/texmf-tetex/tex/latex/amscls/amsthm.sty
Package: amsthm 2004/08/06 v2.20
\thm@style=\toks20
\thm@bodyfont=\toks21
\thm@headfont=\toks22
\thm@notefont=\toks23
\thm@headpunct=\toks24
\thm@preskip=\skip52
\thm@postskip=\skip53
\thm@headsep=\skip54
\dth@everypar=\toks25
)
(/usr/share/texmf-tetex/tex/latex/algorithms/algorithm.sty
Package: algorithm 

Document Style `algorithm' - floating environment
(/usr/share/texmf-tetex/tex/latex/float/float.sty
Package: float 2001/11/08 v1.3d Float enhancements (AL)
\c@float@type=\count104
\float@exts=\toks26
\float@box=\box28
\@float@everytoks=\toks27
\@floatcapt=\box29
)
(/usr/share/texmf-tetex/tex/latex/base/ifthen.sty
Package: ifthen 2001/05/26 v1.1c Standard LaTeX ifthen package (DPC)
)
\@float@every@algorithm=\toks28
\c@algorithm=\count105
)
(/usr/share/texmf-tetex/tex/latex/algorithms/algorithmic.sty
Package: algorithmic 

Document Style `algorithmic' - environment
(/usr/share/texmf-tetex/tex/latex/tools/calc.sty
Package: calc 1998/07/07 v4.1b Infix arithmetic (KKT,FJ)
\calc@Acount=\count106
\calc@Bcount=\count107
\calc@Adimen=\dimen118
\calc@Bdimen=\dimen119
\calc@Askip=\skip55
\calc@Bskip=\skip56
LaTeX Info: Redefining \setlength on input line 59.
LaTeX Info: Redefining \addtolength on input line 60.
\calc@denominator=\count108
)
\c@ALC@line=\count109
\c@ALC@rem=\count110
\c@ALC@depth=\count111
\ALC@tlm=\skip57
)
(/usr/share/texmf-tetex/tex/latex/lastpage/lastpage.sty
Package: lastpage 1994/06/25 v0.1b LaTeX2e package for refs to last page number
 (JPG)
)
(/usr/share/texmf-tetex/tex/latex/cite/cite.sty
LaTeX Info: Redefining \cite on input line 149.
LaTeX Info: Redefining \nocite on input line 214.
Package: cite 2003/11/04  v 4.01
)
(/usr/share/texmf-tetex/tex/generic/babel/babel.sty
Package: babel 2004/11/20 v3.8d The Babel package

(/usr/share/texmf-tetex/tex/generic/babel/finnish.ldf
Language: finnish 2004/02/19 v1.3p Finnish support from the babel system

(/usr/share/texmf-tetex/tex/generic/babel/babel.def
File: babel.def 2004/11/20 v3.8d Babel common definitions
\babel@savecnt=\count112
\U@D=\dimen120
)
Package babel Info: Making " an active character on input line 89.
)
(/usr/share/texmf-tetex/tex/generic/babel/english.ldf
Language: english 2004/06/14 v3.3o English support from the babel system
\l@british = a dialect from \language\l@english 
\l@UKenglish = a dialect from \language\l@english 
\l@canadian = a dialect from \language\l@american 
\l@australian = a dialect from \language\l@british 
\l@newzealand = a dialect from \language\l@british 
))
(/usr/share/texmf-tetex/tex/latex/geometry/geometry.sty
Package: geometry 2002/07/08 v3.2 Page Geometry
\Gm@cnth=\count113
\Gm@cntv=\count114
\c@Gm@tempcnt=\count115
\Gm@bindingoffset=\dimen121
\Gm@wd@mp=\dimen122
\Gm@odd@mp=\dimen123
\Gm@even@mp=\dimen124
\Gm@dimlist=\toks29

(/usr/share/texmf-tetex/tex/latex/geometry/geometry.cfg))
\c@thm=\count116
\c@lem=\count117
\c@ex=\count118
\dtunivbox=\skip58
\dttitlebox=\skip59
\dtlkeywidth=\skip60
\dtrkeywidth=\skip61
\dtmiddlewidth=\skip62
\dtlastwidth=\skip63
\dtlongboxwidth=\skip64
\dtabstractwidth=\skip65
 (./d.aux)
\openout1 = `d.aux'.

LaTeX Font Info:    Checking defaults for OML/cmm/m/it on input line 52.
LaTeX Font Info:    ... okay on input line 52.
LaTeX Font Info:    Checking defaults for T1/cmr/m/n on input line 52.
LaTeX Font Info:    ... okay on input line 52.
LaTeX Font Info:    Checking defaults for OT1/cmr/m/n on input line 52.
LaTeX Font Info:    ... okay on input line 52.
LaTeX Font Info:    Checking defaults for OMS/cmsy/m/n on input line 52.
LaTeX Font Info:    ... okay on input line 52.
LaTeX Font Info:    Checking defaults for OMX/cmex/m/n on input line 52.
LaTeX Font Info:    ... okay on input line 52.
LaTeX Font Info:    Checking defaults for U/cmr/m/n on input line 52.
LaTeX Font Info:    ... okay on input line 52.
-------------------- Geometry parameters
paper: a4paper
landscape: --
twocolumn: --
twoside: --
asymmetric: --
h-parts: 105.2751pt, 435.32727pt, 56.9055pt
v-parts: 56.9055pt, 668.63986pt, 119.50148pt
hmarginratio: --
vmarginratio: --
lines: --
heightrounded: --
bindingoffset: 0.0pt
truedimen: --
includehead: --
includefoot: --
includemp: --
driver: 
-------------------- Page layout dimensions and switches
\paperwidth  597.50787pt
\paperheight 845.04684pt
\textwidth  435.32727pt
\textheight 668.63986pt
\oddsidemargin  33.00511pt
\evensidemargin 33.00511pt
\topmargin  -52.36449pt
\headheight 12.0pt
\headsep    25.0pt
\footskip   30.0pt
\marginparwidth 35.0pt
\marginparsep   10.0pt
\columnsep  10.0pt
\skip\footins  10.8pt plus 4.0pt minus 2.0pt
\hoffset 0.0pt
\voffset 0.0pt
\mag 1000

(1in=72.27pt, 1cm=28.45pt)
-----------------------
LaTeX Font Info:    Try loading font information for U+msa on input line 76.

(/usr/share/texmf-tetex/tex/latex/amsfonts/umsa.fd
File: umsa.fd 2002/01/19 v2.2g AMS font definitions
)
LaTeX Font Info:    Try loading font information for U+msb on input line 76.

(/usr/share/texmf-tetex/tex/latex/amsfonts/umsb.fd
File: umsb.fd 2002/01/19 v2.2g AMS font definitions
) [1

]
LaTeX Font Info:    Calculating math sizes for size <11> on input line 95.


LaTeX Font Warning: Font shape `OT1/cmr/m/n' in size <5.5> not available
(Font)              size <5> substituted on input line 95.


LaTeX Font Warning: Font shape `OML/cmm/m/it' in size <5.5> not available
(Font)              size <5> substituted on input line 95.


LaTeX Font Warning: Font shape `OMS/cmsy/m/n' in size <5.5> not available
(Font)              size <5> substituted on input line 95.


LaTeX Font Warning: Font shape `U/msa/m/n' in size <5.5> not available
(Font)              size <5> substituted on input line 95.


LaTeX Font Warning: Font shape `U/msb/m/n' in size <5.5> not available
(Font)              size <5> substituted on input line 95.

[1] [2]
Underfull \hbox (badness 10000) in paragraph at lines 363--371

 []


Underfull \hbox (badness 10000) in paragraph at lines 363--371

 []


Underfull \hbox (badness 10000) in paragraph at lines 363--371

 []

[3

] (./d.toc [4

])
\tf@toc=\write3
\openout3 = `d.toc'.

 [5] (./d.lof)
\tf@lof=\write4
\openout4 = `d.lof'.

 [6

] (./d.lot)
\tf@lot=\write5
\openout5 = `d.lot'.

 [7

]
Chapter 1.
[1

] [2]
Chapter 2.
[3

]
File: sg.eps Graphic file (type eps)
 <sg.eps>
File: sg3.eps Graphic file (type eps)
 <sg3.eps> [4]
File: sq_min.eps Graphic file (type eps)
 <sq_min.eps> [5]
Underfull \hbox (badness 10000) in paragraph at lines 648--662

 []


Underfull \hbox (badness 10000) in paragraph at lines 648--662

 []

[6]
File: reduction1.eps Graphic file (type eps)
 <reduction1.eps>
File: reduction2.eps Graphic file (type eps)
 <reduction2.eps> [7] [8] [9]
Chapter 3.
[10

]
File: small_hex_grid_path.eps Graphic file (type eps)
 <small_hex_grid_path.eps> [11]
File: ferhex.eps Graphic file (type eps)
 <ferhex.eps>
File: sghex.eps Graphic file (type eps)
 <sghex.eps> [12] [13]
Underfull \hbox (badness 10000) in alignment at lines 1046--1057
[]
 []


Underfull \hbox (badness 10000) in paragraph at lines 1036--1061

 []


Underfull \hbox (badness 10000) in paragraph at lines 1062--1081

 []


Underfull \hbox (badness 10000) in paragraph at lines 1062--1081

 []

[14]
Underfull \hbox (badness 10000) in alignment at lines 1083--1085
[]
 []


Underfull \hbox (badness 10000) in alignment at lines 1118--1120
[]
 []

[15]
File: resultFM.eps Graphic file (type eps)
 <resultFM.eps>
File: resultSG.eps Graphic file (type eps)
 <resultSG.eps> [16] [17] [18]
Chapter 4.
[19

]
File: bias.eps Graphic file (type eps)
 <bias.eps> [20]
File: time271.eps Graphic file (type eps)
 <time271.eps>
File: time631.eps Graphic file (type eps)
 <time631.eps> [21] [22] [23] [24] [25]
Chapter 5.
File: sq_grid.eps Graphic file (type eps)
<sq_grid.eps> [26

]
File: bethe.eps Graphic file (type eps)
 <bethe.eps>
File: bethetree.eps Graphic file (type eps)
 <bethetree.eps> [27]
File: rec_tree1.eps Graphic file (type eps)
 <rec_tree1.eps>
File: rec_tree2.eps Graphic file (type eps)

<rec_tree2.eps> [28]
File: sq_est_log.eps Graphic file (type eps)
 <sq_est_log.eps>
File: bethe_est_log.eps Graphic file (type eps)
 <bethe_est_log.eps> [29] [30]
Chapter 6.
File: rec_example.eps Graphic file (type eps)
<rec_example.eps>
Underfull \hbox (badness 10000) in paragraph at lines 1765--1814

 []


Underfull \hbox (badness 10000) in paragraph at lines 1765--1814

 []

[31

] [32]
File: distr_sg.eps Graphic file (type eps)
 <distr_sg.eps> [33]
File: distr_fer.eps Graphic file (type eps)
 <distr_fer.eps>
File: distr_norm_sg.eps Graphic file (type eps)
 <distr_norm_sg.eps>
File: distr_norm_fer.eps Graphic file (type eps)

<distr_norm_fer.eps> [34] [35] [36]
Chapter 7.
[37

]
File: phasetrans.eps Graphic file (type eps)
 <phasetrans.eps> [38]
File: scatter.eps Graphic file (type eps)
 <scatter.eps>
File: qq_sg.eps Graphic file (type eps)
 <qq_sg.eps> [39]
File: qq_fm.eps Graphic file (type eps)
 <qq_fm.eps> [40]
[41]
Chapter 8.
[42

] [43] [44] [45]
File: magfield.eps Graphic file (type eps)
 <magfield.eps> [46]
Chapter 9.
[47

] (./d.bbl [48


]) AED: lastpage setting LastPage [49] (./d.aux)

LaTeX Font Warning: Size substitutions with differences
(Font)              up to 0.5pt have occurred.

 ) 
Here is how much of TeX's memory you used:
 2774 strings out of 94501
 34012 string characters out of 1175794
 95564 words of memory out of 1000000
 5852 multiletter control sequences out of 10000+50000
 15118 words of font info for 58 fonts, out of 500000 for 2000
 580 hyphenation exceptions out of 8191
 32i,10n,24p,249b,781s stack positions out of 1500i,500n,5000p,200000b,5000s

Output written on d.dvi (57 pages, 163632 bytes).
